24 행: WindowsMediaPlayer1 컨트롤의 WMPLibCtl.WindowsMediaPlayer 클래스는 로드한 컨트롤 클래스가 아닙니다.
30 행: WindowsMediaPlayer1의 URL 속성 이름이 잘못되었습니다. 
31 행: WindowsMediaPlayer1의 rate 속성 이름이 잘못되었습니다. 
32 행: WindowsMediaPlayer1의 balance 속성 이름이 잘못되었습니다. 
33 행: WindowsMediaPlayer1의 currentPosition 속성 이름이 잘못되었습니다. 
34 행: WindowsMediaPlayer1의 defaultFrame 속성 이름이 잘못되었습니다. 
35 행: WindowsMediaPlayer1의 playCount 속성 이름이 잘못되었습니다. 
36 행: WindowsMediaPlayer1의 autoStart 속성 이름이 잘못되었습니다. 
37 행: WindowsMediaPlayer1의 currentMarker 속성 이름이 잘못되었습니다. 
38 행: WindowsMediaPlayer1의 invokeURLs 속성 이름이 잘못되었습니다. 
39 행: WindowsMediaPlayer1의 baseURL 속성 이름이 잘못되었습니다. 
40 행: WindowsMediaPlayer1의 volume 속성 이름이 잘못되었습니다. 
41 행: WindowsMediaPlayer1의 mute 속성 이름이 잘못되었습니다. 
42 행: WindowsMediaPlayer1의 uiMode 속성 이름이 잘못되었습니다. 
43 행: WindowsMediaPlayer1의 stretchToFit 속성 이름이 잘못되었습니다. 
44 행: WindowsMediaPlayer1의 windowlessVideo 속성 이름이 잘못되었습니다. 
46 행: WindowsMediaPlayer1의 enableContextMenu 속성 이름이 잘못되었습니다. 
47 행: WindowsMediaPlayer1의 fullScreen 속성 이름이 잘못되었습니다. 
48 행: WindowsMediaPlayer1의 SAMIStyle 속성 이름이 잘못되었습니다. 
49 행: WindowsMediaPlayer1의 SAMILang 속성 이름이 잘못되었습니다. 
50 행: WindowsMediaPlayer1의 SAMIFilename 속성 이름이 잘못되었습니다. 
51 행: WindowsMediaPlayer1의 captioningID 속성 이름이 잘못되었습니다. 
52 행: WindowsMediaPlayer1의 enableErrorDialogs 속성 이름이 잘못되었습니다. 
53 행: WindowsMediaPlayer1의 _cx 속성 이름이 잘못되었습니다. 
54 행: WindowsMediaPlayer1의 _cy 속성 이름이 잘못되었습니다. 
